[mbapepe/index.html]
[static.wixstatic.com/media/1fba13_34259873c45a4e218ebb969b43497cbf_mv2.png/v1/fill/w_192,h_192,lg_1,usm_0.66_1.00_0.01/1fba13_34259873c45a4e218ebb969b43497cbf_mv2.png]
[static.wixstatic.com/media/1fba13_34259873c45a4e218ebb969b43497cbf_mv2.png/v1/fill/w_32,h_32,lg_1,usm_0.66_1.00_0.01/1fba13_34259873c45a4e218ebb969b43497cbf_mv2.png]
[static.wixstatic.com/media/1fba13_34259873c45a4e218ebb969b43497cbf_mv2.png/v1/fill/w_180,h_180,lg_1,usm_0.66_1.00_0.01/1fba13_34259873c45a4e218ebb969b43497cbf_mv2.png]
[static.parastorage.com/services/wix-thunderbolt/dist/originTrials.41d7301a.bundle.min.js]
[static.parastorage.com/unpkg/core-js-bundle@3.2.1/minified.js]
[static.parastorage.com/unpkg/focus-within-polyfill@5.0.9/dist/focus-within-polyfill.js]
[backblue.gif]
[fade.gif]
[index.html]
[polyfill-fastly.io/v3/polyfill.mind82c.js]
[static.wixstatic.com/media/1fba13_c94ae9b4d08c4d7384a5141cc825e5cef000.jpg/v1/fill/w_147,h_83,al_c,q_80,usm_0.66_1.00_0.01,blur_2,enc_auto/1fba13_c94ae9b4d08c4d7384a5141cc825e5cef000.jpg]
[static.wixstatic.com/media/1fba13_34259873c45a4e218ebb969b43497cbf_mv2.png/v1/fill/w_389,h_389,al_c,q_85,usm_0.66_1.00_0.01,enc_auto/1fba13_34259873c45a4e218ebb969b43497cbf_mv2.png]
[static.wixstatic.com/media/1fba13_34259873c45a4e218ebb969b43497cbf_mv2.png/v1/fill/w_85,h_85,al_c,q_85,usm_0.66_1.00_0.01,blur_2,enc_auto/1fba13_34259873c45a4e218ebb969b43497cbf_mv2.png]
[static.wixstatic.com/media/1fba13_3ceb180f730e40cc98678d81f116a353_mv2.png/v1/fill/w_125,h_125,al_c,q_85,usm_0.66_1.00_0.01,blur_2,enc_auto/1fba13_3ceb180f730e40cc98678d81f116a353_mv2.png]
[static.wixstatic.com/media/1fba13_ba34a67c4c324fe7b808cd15ef1a37b8_mv2.png/v1/fill/w_125,h_125,al_c,q_85,usm_0.66_1.00_0.01,blur_2,enc_auto/1fba13_ba34a67c4c324fe7b808cd15ef1a37b8_mv2.png]
[static.wixstatic.com/media/1fba13_004a8f6336a74e129c86483cb675b9f0_mv2.png/v1/fill/w_123,h_123,al_c,q_85,usm_0.66_1.00_0.01,blur_2,enc_auto/1fba13_004a8f6336a74e129c86483cb675b9f0_mv2.png]
[static.wixstatic.com/media/1fba13_d1d6393677eb483a8237ce4fc4023854_mv2.png/v1/fill/w_54,h_54,al_c,q_85,usm_0.66_1.00_0.01,blur_3,enc_auto/1fba13_d1d6393677eb483a8237ce4fc4023854_mv2.png]
[browser.sentry-cdn.com/6.18.2/bundle.min.js]
[mbapepe/sitemap.xml]
[mbapepe/feed.10.delayed]
[mbapepe/${n.11.delayed]
[static.parastorage.com/services/wix-thunderbolt/dist/thunderbolt-commons.99a5564e.bundle.min.js]
[static.parastorage.com/services/wix-thunderbolt/dist/main.61e6fdf8.bundle.min.js]
[static.parastorage.com/services/wix-thunderbolt/dist/main.renderer.1d21f023.bundle.min.js]
[static.parastorage.com/unpkg/lodash@4.17.21/lodash.min.js]
[static.parastorage.com/unpkg/react@18.2.0/umd/react.production.min.js]
[static.parastorage.com/unpkg/react-dom@18.2.0/umd/react-dom.production.min.js]
[mbapepe/decodeURIComponent(e.18.delayed]
[static.parastorage.com/services/tag-manager-client/1.827.0/siteTags.bundle.min.js]
[mbapepe/index.html]
[mbapepe/feed.html]
[mbapepe/${n.html]
[mbapepe/decodeURIComponent(e.html]
[static.parastorage.com/services/wix-perf-measure/1.1095.0/wix-perf-measure.umd.min.js]
